{"level":"info","message":"search url = http://bd8b346f.ngrok.io/search/resources/store/10851/productview/bySearchTerm/dress?pageSize=20&pageNumber=undefined","timestamp":"2018-01-24T12:08:39.385Z"}
{"level":"info","message":"search url = http://bd8b346f.ngrok.io/search/resources/store/10851/productview/bySearchTerm/dress?pageSize=20&pageNumber=undefined","timestamp":"2018-01-28T10:32:32.975Z"}
{"level":"info","message":"SEOKeyword URLhttps://5fea7a5b.ngrok.io/wcs/resources/store/10151seo/seoKeyword?type=Product&uniqueId=19093","timestamp":"2018-01-28T11:00:40.677Z"}
{"message":"errors in service for SEOKeywordUrl in WCS: ","name":"StatusCodeError","statusCode":500,"error":"<?xml version=\"1.0\" encoding=\"UTF-8\"?><root>\r\n   <Error_message>CWXFR0260E: The following exception occurred in method javax.ws.rs.WebApplicationException.computeExceptionMessage(WebApplicationException.java:211): java.lang.AbstractMethodError: javax/ws/rs/core/Response.getStatusInfo()Ljavax/ws/rs/core/Response$StatusType;.</Error_message>\r\n</root>","options":{"url":"https://5fea7a5b.ngrok.io/wcs/resources/store/10151seo/seoKeyword?type=Product&uniqueId=19093","method":"GET","json":"","headers":{"Content-Type":"application/json"},"simple":true,"resolveWithFullResponse":false,"transform2xxOnly":false},"response":{"statusCode":500,"body":"<?xml version=\"1.0\" encoding=\"UTF-8\"?><root>\r\n   <Error_message>CWXFR0260E: The following exception occurred in method javax.ws.rs.WebApplicationException.computeExceptionMessage(WebApplicationException.java:211): java.lang.AbstractMethodError: javax/ws/rs/core/Response.getStatusInfo()Ljavax/ws/rs/core/Response$StatusType;.</Error_message>\r\n</root>","headers":{"content-type":"application/xml","content-language":"en-US","content-length":"350","connection":"Close","date":"Sun, 28 Jan 2018 11:00:41 GMT"},"request":{"uri":{"protocol":"https:","slashes":true,"auth":null,"host":"5fea7a5b.ngrok.io","port":443,"hostname":"5fea7a5b.ngrok.io","hash":null,"search":"?type=Product&uniqueId=19093","query":"type=Product&uniqueId=19093","pathname":"/wcs/resources/store/10151seo/seoKeyword","path":"/wcs/resources/store/10151seo/seoKeyword?type=Product&uniqueId=19093","href":"https://5fea7a5b.ngrok.io/wcs/resources/store/10151seo/seoKeyword?type=Product&uniqueId=19093"},"method":"GET","headers":{"Content-Type":"application/json"}}},"stack":"StatusCodeError: 500 - \"<?xml version=\\\"1.0\\\" encoding=\\\"UTF-8\\\"?><root>\\r\\n   <Error_message>CWXFR0260E: The following exception occurred in method javax.ws.rs.WebApplicationException.computeExceptionMessage(WebApplicationException.java:211): java.lang.AbstractMethodError: javax/ws/rs/core/Response.getStatusInfo()Ljavax/ws/rs/core/Response$StatusType;.</Error_message>\\r\\n</root>\"\n    at new StatusCodeError (/Users/monicar/headStart/node_modules/request-promise-core/lib/errors.js:32:15)\n    at Request.plumbing.callback (/Users/monicar/headStart/node_modules/request-promise-core/lib/plumbing.js:104:33)\n    at Request.RP$callback [as _callback] (/Users/monicar/headStart/node_modules/request-promise-core/lib/plumbing.js:46:31)\n    at Request.self.callback (/Users/monicar/headStart/node_modules/request/request.js:186:22)\n    at emitTwo (events.js:125:13)\n    at Request.emit (events.js:213:7)\n    at Request.<anonymous> (/Users/monicar/headStart/node_modules/request/request.js:1163:10)\n    at emitOne (events.js:115:13)\n    at Request.emit (events.js:210:7)\n    at IncomingMessage.<anonymous> (/Users/monicar/headStart/node_modules/request/request.js:1085:12)\n    at Object.onceWrapper (events.js:314:30)\n    at emitNone (events.js:110:20)\n    at IncomingMessage.emit (events.js:207:7)\n    at endReadableNT (_stream_readable.js:1045:12)\n    at _combinedTickCallback (internal/process/next_tick.js:138:11)\n    at process._tickCallback (internal/process/next_tick.js:180:9)","level":"error","timestamp":"2018-01-28T11:00:42.419Z"}
{"level":"info","message":"SEOKeyword URLhttps://5fea7a5b.ngrok.io/wcs/resources/store/10151/seo/seoKeyword?type=Product&uniqueId=19093","timestamp":"2018-01-28T11:04:56.234Z"}
{"level":"info","message":"SEO Keywordundefined","timestamp":"2018-01-28T11:05:07.739Z"}
{"level":"info","message":"SEOKeyword URLhttps://5fea7a5b.ngrok.io/wcs/resources/store/10151/seo/seoKeyword?type=Product&uniqueId=19093","timestamp":"2018-01-28T11:07:46.148Z"}
{"level":"info","message":"SEO Keyword{\"keyword\":\"ultimate-baby-shwr-set-pi-fcj59\",\"type\":\"Product\",\"uniqueId\":\"19093\"}","timestamp":"2018-01-28T11:07:58.338Z"}
{"level":"info","message":"SEOKeyword URLhttps://5fea7a5b.ngrok.io/wcs/resources/store/10151/seo/seoKeyword?type=Product&uniqueId=19093","timestamp":"2018-01-28T11:10:05.811Z"}
{"level":"info","message":"SEO Keyword : undefined","timestamp":"2018-01-28T11:10:16.889Z"}
{"level":"info","message":"SEOKeyword URLhttps://5fea7a5b.ngrok.io/wcs/resources/store/10151/seo/seoKeyword?type=Product&uniqueId=19093","timestamp":"2018-01-28T11:11:36.745Z"}
{"level":"info","message":"SEO data : {\"keyword\":\"ultimate-baby-shwr-set-pi-fcj59\",\"type\":\"Product\",\"uniqueId\":\"19093\"}","timestamp":"2018-01-28T11:11:38.554Z"}
{"level":"info","message":"SEO Keyword : undefined","timestamp":"2018-01-28T11:11:38.555Z"}
{"level":"info","message":"SEOKeyword URLhttps://5fea7a5b.ngrok.io/wcs/resources/store/10151/seo/seoKeyword?type=Product&uniqueId=19093","timestamp":"2018-01-28T11:14:56.508Z"}
{"level":"info","message":"SEO Keyword : undefined","timestamp":"2018-01-28T11:14:58.286Z"}
{"level":"info","message":"SEO Keyword : undefined","timestamp":"2018-01-28T11:14:58.286Z"}
{"level":"info","message":"SEOKeyword URLhttps://5fea7a5b.ngrok.io/wcs/resources/store/10151/seo/seoKeyword?type=Product&uniqueId=19093","timestamp":"2018-01-29T07:04:17.562Z"}
{"level":"info","message":"SEO Keyword : undefined","timestamp":"2018-01-29T07:04:19.268Z"}
{"level":"info","message":"SEOKeyword URLhttps://5fea7a5b.ngrok.io/wcs/resources/store/10151/seo/seoKeyword?type=Product&uniqueId=19093","timestamp":"2018-01-29T07:05:46.191Z"}
{"level":"info","message":"SEO data : {\"keyword\":\"ultimate-baby-shwr-set-pi-fcj59\",\"type\":\"Product\",\"uniqueId\":\"19093\"} string","timestamp":"2018-01-29T07:05:48.352Z"}
{"level":"info","message":"SEO Keyword : undefined","timestamp":"2018-01-29T07:05:48.353Z"}
{"level":"info","message":"SEOKeyword URLhttps://5fea7a5b.ngrok.io/wcs/resources/store/10151/seo/seoKeyword?type=Product&uniqueId=19093","timestamp":"2018-01-29T07:13:25.520Z"}
{"message":"errors in service for SEOKeywordUrl in WCS: ","stack":"ReferenceError: seoData is not defined\n    at /Users/monicar/headStart/bin/index-bundle.js:8329:15\n    at tryCatcher (/Users/monicar/headStart/node_modules/bluebird/js/release/util.js:16:23)\n    at Promise._settlePromiseFromHandler (/Users/monicar/headStart/node_modules/bluebird/js/release/promise.js:512:31)\n    at Promise._settlePromise (/Users/monicar/headStart/node_modules/bluebird/js/release/promise.js:569:18)\n    at Promise._settlePromise0 (/Users/monicar/headStart/node_modules/bluebird/js/release/promise.js:614:10)\n    at Promise._settlePromises (/Users/monicar/headStart/node_modules/bluebird/js/release/promise.js:693:18)\n    at Async._drainQueue (/Users/monicar/headStart/node_modules/bluebird/js/release/async.js:133:16)\n    at Async._drainQueues (/Users/monicar/headStart/node_modules/bluebird/js/release/async.js:143:10)\n    at Immediate.Async.drainQueues (/Users/monicar/headStart/node_modules/bluebird/js/release/async.js:17:14)\n    at runCallback (timers.js:781:20)\n    at tryOnImmediate (timers.js:743:5)\n    at processImmediate [as _immediateCallback] (timers.js:714:5)","level":"error","timestamp":"2018-01-29T07:13:27.298Z"}
{"level":"info","message":"SEOKeyword URLhttps://5fea7a5b.ngrok.io/wcs/resources/store/10151/seo/seoKeyword?type=Product&uniqueId=19093","timestamp":"2018-01-29T07:14:06.628Z"}
{"level":"info","message":"SEO Keyword : object","timestamp":"2018-01-29T07:14:08.557Z"}
{"level":"info","message":"SEO Keyword : ultimate-baby-shwr-set-pi-fcj59","timestamp":"2018-01-29T07:14:08.557Z"}
{"level":"info","message":"Login url = https://bd8b346f.ngrok.io/wcs/resources/store/10851/loginidentity","timestamp":"2018-01-29T07:35:29.762Z"}
{"level":"info","message":"messageData = bhuvana1@gmail.com|123qwe","timestamp":"2018-01-29T07:35:29.762Z"}
{"level":"info","message":"Login url = https://bd8b346f.ngrok.io/wcs/resources/store/10851/loginidentity","timestamp":"2018-01-29T07:35:55.030Z"}
{"level":"info","message":"messageData = bhuvana1@gmail.com|123qwe","timestamp":"2018-01-29T07:35:55.030Z"}
{"level":"info","message":"Login url = https://bd8b346f.ngrok.io/wcs/resources/store/10851/loginidentity","timestamp":"2018-01-29T07:36:43.702Z"}
{"level":"info","message":"messageData = bhuvana1@gmail.com|123qwe","timestamp":"2018-01-29T07:36:43.702Z"}
{"level":"info","message":"getTopCategoriesUrl: http://bd8b346f.ngrok.io/search/resources/store/10851/categoryview/@top?catalogId=10052&langId=-1","timestamp":"2018-01-29T07:40:03.912Z"}
{"level":"info","message":"{\"url\":\"http://bd8b346f.ngrok.io/search/resources/store/10851/categoryview/@top?catalogId=10052&langId=-1\",\"method\":\"GET\",\"json\":{},\"headers\":{\"Content-Type\":\"application/json\"}}","timestamp":"2018-01-29T07:40:03.913Z"}
{"level":"info","message":"Login url = https://bd8b346f.ngrok.io/wcs/resources/store/10851/loginidentity","timestamp":"2018-01-29T07:40:07.303Z"}
{"level":"info","message":"messageData = bhuvana1@gmail.com|123qwe","timestamp":"2018-01-29T07:40:07.303Z"}
{"level":"info","message":"getTopCategoriesUrl: http://bd8b346f.ngrok.io/search/resources/store/10851/categoryview/@top?catalogId=10052&langId=-1","timestamp":"2018-01-29T07:40:09.893Z"}
{"level":"info","message":"{\"url\":\"http://bd8b346f.ngrok.io/search/resources/store/10851/categoryview/@top?catalogId=10052&langId=-1\",\"method\":\"GET\",\"json\":{},\"headers\":{\"Content-Type\":\"application/json\"}}","timestamp":"2018-01-29T07:40:09.893Z"}
{"level":"info","message":"getTopCategoriesUrl: http://bd8b346f.ngrok.io/search/resources/store/10851/categoryview/@top?catalogId=10052&langId=-1","timestamp":"2018-01-29T07:40:37.438Z"}
{"level":"info","message":"{\"url\":\"http://bd8b346f.ngrok.io/search/resources/store/10851/categoryview/@top?catalogId=10052&langId=-1\",\"method\":\"GET\",\"json\":{},\"headers\":{\"Content-Type\":\"application/json\"}}","timestamp":"2018-01-29T07:40:37.439Z"}
{"level":"info","message":"getTopCategoriesUrl: http://bd8b346f.ngrok.io/search/resources/store/10851/categoryview/@top?catalogId=10052&langId=-1","timestamp":"2018-01-29T07:40:48.445Z"}
{"level":"info","message":"{\"url\":\"http://bd8b346f.ngrok.io/search/resources/store/10851/categoryview/@top?catalogId=10052&langId=-1\",\"method\":\"GET\",\"json\":{},\"headers\":{\"Content-Type\":\"application/json\"}}","timestamp":"2018-01-29T07:40:48.445Z"}
{"level":"info","message":"getTopCategoriesUrl: http://bd8b346f.ngrok.io/search/resources/store/10851/categoryview/@top?catalogId=10052&langId=-1","timestamp":"2018-01-29T07:42:46.275Z"}
{"level":"info","message":"{\"url\":\"http://bd8b346f.ngrok.io/search/resources/store/10851/categoryview/@top?catalogId=10052&langId=-1\",\"method\":\"GET\",\"json\":{},\"headers\":{\"Content-Type\":\"application/json\"}}","timestamp":"2018-01-29T07:42:46.275Z"}
{"level":"info","message":"getSubCategoriesUrl: http://bd8b346f.ngrok.io/search/resources/store/10851/categoryview/byParentCategory/10001","timestamp":"2018-01-29T07:42:47.613Z"}
{"level":"info","message":"{\"url\":\"http://bd8b346f.ngrok.io/search/resources/store/10851/categoryview/byParentCategory/10001\",\"method\":\"GET\",\"json\":{},\"headers\":{\"Content-Type\":\"application/json\"}}","timestamp":"2018-01-29T07:42:47.614Z"}
{"level":"info","message":"Login url = https://bd8b346f.ngrok.io/wcs/resources/store/10851/loginidentity","timestamp":"2018-01-29T07:42:47.630Z"}
{"level":"info","message":"messageData = bhuvana1@gmail.com|123qwe","timestamp":"2018-01-29T07:42:47.630Z"}
{"level":"info","message":"getTopCategoriesUrl: http://bd8b346f.ngrok.io/search/resources/store/10851/categoryview/@top?catalogId=10052&langId=-1","timestamp":"2018-01-29T07:42:50.154Z"}
{"level":"info","message":"{\"url\":\"http://bd8b346f.ngrok.io/search/resources/store/10851/categoryview/@top?catalogId=10052&langId=-1\",\"method\":\"GET\",\"json\":{},\"headers\":{\"Content-Type\":\"application/json\"}}","timestamp":"2018-01-29T07:42:50.154Z"}
{"level":"info","message":"getSubCategoriesUrl: http://bd8b346f.ngrok.io/search/resources/store/10851/categoryview/byParentCategory/10001","timestamp":"2018-01-29T07:42:51.372Z"}
{"level":"info","message":"{\"url\":\"http://bd8b346f.ngrok.io/search/resources/store/10851/categoryview/byParentCategory/10001\",\"method\":\"GET\",\"json\":{},\"headers\":{\"Content-Type\":\"application/json\"}}","timestamp":"2018-01-29T07:42:51.372Z"}
{"level":"info","message":"Login url = https://bd8b346f.ngrok.io/wcs/resources/store/10851/loginidentity","timestamp":"2018-01-29T08:26:19.164Z"}
{"level":"info","message":"messageData = bhuvana1@gmail.com|123qwe","timestamp":"2018-01-29T08:26:19.164Z"}
{"level":"info","message":"getTopCategoriesUrl: http://bd8b346f.ngrok.io/search/resources/store/10851/categoryview/@top?catalogId=10052&langId=-1","timestamp":"2018-01-29T08:26:24.354Z"}
{"level":"info","message":"{\"url\":\"http://bd8b346f.ngrok.io/search/resources/store/10851/categoryview/@top?catalogId=10052&langId=-1\",\"method\":\"GET\",\"json\":{},\"headers\":{\"Content-Type\":\"application/json\"}}","timestamp":"2018-01-29T08:26:24.354Z"}
{"level":"info","message":"getSubCategoriesUrl: http://bd8b346f.ngrok.io/search/resources/store/10851/categoryview/byParentCategory/10001","timestamp":"2018-01-29T08:26:25.551Z"}
{"level":"info","message":"{\"url\":\"http://bd8b346f.ngrok.io/search/resources/store/10851/categoryview/byParentCategory/10001\",\"method\":\"GET\",\"json\":{},\"headers\":{\"Content-Type\":\"application/json\"}}","timestamp":"2018-01-29T08:26:25.552Z"}
{"level":"info","message":"getTopCategoriesUrl: http://bd8b346f.ngrok.io/search/resources/store/10851/categoryview/@top?catalogId=10052&langId=-1","timestamp":"2018-01-29T08:27:45.346Z"}
{"level":"info","message":"{\"url\":\"http://bd8b346f.ngrok.io/search/resources/store/10851/categoryview/@top?catalogId=10052&langId=-1\",\"method\":\"GET\",\"json\":{},\"headers\":{\"Content-Type\":\"application/json\"}}","timestamp":"2018-01-29T08:27:45.346Z"}
{"level":"info","message":"getSubCategoriesUrl: http://bd8b346f.ngrok.io/search/resources/store/10851/categoryview/byParentCategory/10001","timestamp":"2018-01-29T08:27:46.749Z"}
{"level":"info","message":"{\"url\":\"http://bd8b346f.ngrok.io/search/resources/store/10851/categoryview/byParentCategory/10001\",\"method\":\"GET\",\"json\":{},\"headers\":{\"Content-Type\":\"application/json\"}}","timestamp":"2018-01-29T08:27:46.749Z"}
{"level":"info","message":"getTopCategoriesUrl: http://bd8b346f.ngrok.io/search/resources/store/10851/categoryview/@top?catalogId=10052&langId=-1","timestamp":"2018-01-29T08:27:56.604Z"}
{"level":"info","message":"{\"url\":\"http://bd8b346f.ngrok.io/search/resources/store/10851/categoryview/@top?catalogId=10052&langId=-1\",\"method\":\"GET\",\"json\":{},\"headers\":{\"Content-Type\":\"application/json\"}}","timestamp":"2018-01-29T08:27:56.604Z"}
{"level":"info","message":"getSubCategoriesUrl: http://bd8b346f.ngrok.io/search/resources/store/10851/categoryview/byParentCategory/10001","timestamp":"2018-01-29T08:27:57.766Z"}
{"level":"info","message":"{\"url\":\"http://bd8b346f.ngrok.io/search/resources/store/10851/categoryview/byParentCategory/10001\",\"method\":\"GET\",\"json\":{},\"headers\":{\"Content-Type\":\"application/json\"}}","timestamp":"2018-01-29T08:27:57.766Z"}
{"level":"info","message":"getTopCategoriesUrl: http://bd8b346f.ngrok.io/search/resources/store/10851/categoryview/@top?catalogId=10052&langId=-1","timestamp":"2018-01-29T08:28:07.048Z"}
{"level":"info","message":"{\"url\":\"http://bd8b346f.ngrok.io/search/resources/store/10851/categoryview/@top?catalogId=10052&langId=-1\",\"method\":\"GET\",\"json\":{},\"headers\":{\"Content-Type\":\"application/json\"}}","timestamp":"2018-01-29T08:28:07.049Z"}
{"level":"info","message":"getTopCategoriesUrl: http://bd8b346f.ngrok.io/search/resources/store/10851/categoryview/@top?catalogId=10052&langId=-1","timestamp":"2018-01-29T08:28:08.206Z"}
{"level":"info","message":"{\"url\":\"http://bd8b346f.ngrok.io/search/resources/store/10851/categoryview/@top?catalogId=10052&langId=-1\",\"method\":\"GET\",\"json\":{},\"headers\":{\"Content-Type\":\"application/json\"}}","timestamp":"2018-01-29T08:28:08.206Z"}
{"level":"info","message":"getSubCategoriesUrl: http://bd8b346f.ngrok.io/search/resources/store/10851/categoryview/byParentCategory/10001","timestamp":"2018-01-29T08:28:08.226Z"}
{"level":"info","message":"{\"url\":\"http://bd8b346f.ngrok.io/search/resources/store/10851/categoryview/byParentCategory/10001\",\"method\":\"GET\",\"json\":{},\"headers\":{\"Content-Type\":\"application/json\"}}","timestamp":"2018-01-29T08:28:08.226Z"}
{"level":"info","message":"getSubCategoriesUrl: http://bd8b346f.ngrok.io/search/resources/store/10851/categoryview/byParentCategory/10001","timestamp":"2018-01-29T08:28:09.404Z"}
{"level":"info","message":"{\"url\":\"http://bd8b346f.ngrok.io/search/resources/store/10851/categoryview/byParentCategory/10001\",\"method\":\"GET\",\"json\":{},\"headers\":{\"Content-Type\":\"application/json\"}}","timestamp":"2018-01-29T08:28:09.404Z"}
{"level":"info","message":"Login url = https://bd8b346f.ngrok.io/wcs/resources/store/10851/loginidentity","timestamp":"2018-01-29T08:28:10.966Z"}
{"level":"info","message":"messageData = bhuvana1@gmail.com|123qwe","timestamp":"2018-01-29T08:28:10.967Z"}
{"level":"info","message":"getTopCategoriesUrl: http://bd8b346f.ngrok.io/search/resources/store/10851/categoryview/@top?catalogId=10052&langId=-1","timestamp":"2018-01-29T08:28:13.653Z"}
{"level":"info","message":"{\"url\":\"http://bd8b346f.ngrok.io/search/resources/store/10851/categoryview/@top?catalogId=10052&langId=-1\",\"method\":\"GET\",\"json\":{},\"headers\":{\"Content-Type\":\"application/json\"}}","timestamp":"2018-01-29T08:28:13.654Z"}
{"level":"info","message":"getSubCategoriesUrl: http://bd8b346f.ngrok.io/search/resources/store/10851/categoryview/byParentCategory/10001","timestamp":"2018-01-29T08:28:14.895Z"}
{"level":"info","message":"{\"url\":\"http://bd8b346f.ngrok.io/search/resources/store/10851/categoryview/byParentCategory/10001\",\"method\":\"GET\",\"json\":{},\"headers\":{\"Content-Type\":\"application/json\"}}","timestamp":"2018-01-29T08:28:14.895Z"}
{"level":"info","message":"getTopCategoriesUrl: http://bd8b346f.ngrok.io/search/resources/store/10851/categoryview/@top?catalogId=10052&langId=-1","timestamp":"2018-01-29T08:29:46.168Z"}
{"level":"info","message":"{\"url\":\"http://bd8b346f.ngrok.io/search/resources/store/10851/categoryview/@top?catalogId=10052&langId=-1\",\"method\":\"GET\",\"json\":{},\"headers\":{\"Content-Type\":\"application/json\"}}","timestamp":"2018-01-29T08:29:46.168Z"}
{"level":"info","message":"getSubCategoriesUrl: http://bd8b346f.ngrok.io/search/resources/store/10851/categoryview/byParentCategory/10001","timestamp":"2018-01-29T08:29:47.127Z"}
{"level":"info","message":"{\"url\":\"http://bd8b346f.ngrok.io/search/resources/store/10851/categoryview/byParentCategory/10001\",\"method\":\"GET\",\"json\":{},\"headers\":{\"Content-Type\":\"application/json\"}}","timestamp":"2018-01-29T08:29:47.127Z"}
{"level":"info","message":"getTopCategoriesUrl: http://bd8b346f.ngrok.io/search/resources/store/10851/categoryview/@top?catalogId=10052&langId=-1","timestamp":"2018-01-29T08:30:09.462Z"}
{"level":"info","message":"{\"url\":\"http://bd8b346f.ngrok.io/search/resources/store/10851/categoryview/@top?catalogId=10052&langId=-1\",\"method\":\"GET\",\"json\":{},\"headers\":{\"Content-Type\":\"application/json\"}}","timestamp":"2018-01-29T08:30:09.462Z"}
{"level":"info","message":"getSubCategoriesUrl: http://bd8b346f.ngrok.io/search/resources/store/10851/categoryview/byParentCategory/10001","timestamp":"2018-01-29T08:30:10.427Z"}
{"level":"info","message":"{\"url\":\"http://bd8b346f.ngrok.io/search/resources/store/10851/categoryview/byParentCategory/10001\",\"method\":\"GET\",\"json\":{},\"headers\":{\"Content-Type\":\"application/json\"}}","timestamp":"2018-01-29T08:30:10.427Z"}
{"level":"info","message":"getTopCategoriesUrl: http://bd8b346f.ngrok.io/search/resources/store/10851/categoryview/@top?catalogId=10052&langId=-1","timestamp":"2018-01-29T08:30:14.515Z"}
{"level":"info","message":"{\"url\":\"http://bd8b346f.ngrok.io/search/resources/store/10851/categoryview/@top?catalogId=10052&langId=-1\",\"method\":\"GET\",\"json\":{},\"headers\":{\"Content-Type\":\"application/json\"}}","timestamp":"2018-01-29T08:30:14.516Z"}
{"level":"info","message":"getSubCategoriesUrl: http://bd8b346f.ngrok.io/search/resources/store/10851/categoryview/byParentCategory/10001","timestamp":"2018-01-29T08:30:15.534Z"}
{"level":"info","message":"{\"url\":\"http://bd8b346f.ngrok.io/search/resources/store/10851/categoryview/byParentCategory/10001\",\"method\":\"GET\",\"json\":{},\"headers\":{\"Content-Type\":\"application/json\"}}","timestamp":"2018-01-29T08:30:15.534Z"}
{"level":"info","message":"Login url = https://bd8b346f.ngrok.io/wcs/resources/store/10851/loginidentity","timestamp":"2018-01-29T08:30:18.663Z"}
{"level":"info","message":"messageData = bhuvana1@gmail.com|123qwe","timestamp":"2018-01-29T08:30:18.663Z"}
{"level":"info","message":"getTopCategoriesUrl: http://bd8b346f.ngrok.io/search/resources/store/10851/categoryview/@top?catalogId=10052&langId=-1","timestamp":"2018-01-29T08:30:20.463Z"}
{"level":"info","message":"{\"url\":\"http://bd8b346f.ngrok.io/search/resources/store/10851/categoryview/@top?catalogId=10052&langId=-1\",\"method\":\"GET\",\"json\":{},\"headers\":{\"Content-Type\":\"application/json\"}}","timestamp":"2018-01-29T08:30:20.463Z"}
{"level":"info","message":"getSubCategoriesUrl: http://bd8b346f.ngrok.io/search/resources/store/10851/categoryview/byParentCategory/10001","timestamp":"2018-01-29T08:30:21.591Z"}
{"level":"info","message":"{\"url\":\"http://bd8b346f.ngrok.io/search/resources/store/10851/categoryview/byParentCategory/10001\",\"method\":\"GET\",\"json\":{},\"headers\":{\"Content-Type\":\"application/json\"}}","timestamp":"2018-01-29T08:30:21.591Z"}
{"level":"info","message":"getTopCategoriesUrl: http://bd8b346f.ngrok.io/search/resources/store/10851/categoryview/@top?catalogId=10052&langId=-1","timestamp":"2018-01-29T08:30:51.137Z"}
{"level":"info","message":"{\"url\":\"http://bd8b346f.ngrok.io/search/resources/store/10851/categoryview/@top?catalogId=10052&langId=-1\",\"method\":\"GET\",\"json\":{},\"headers\":{\"Content-Type\":\"application/json\"}}","timestamp":"2018-01-29T08:30:51.137Z"}
{"level":"info","message":"getSubCategoriesUrl: http://bd8b346f.ngrok.io/search/resources/store/10851/categoryview/byParentCategory/10001","timestamp":"2018-01-29T08:30:52.717Z"}
{"level":"info","message":"{\"url\":\"http://bd8b346f.ngrok.io/search/resources/store/10851/categoryview/byParentCategory/10001\",\"method\":\"GET\",\"json\":{},\"headers\":{\"Content-Type\":\"application/json\"}}","timestamp":"2018-01-29T08:30:52.718Z"}
{"level":"info","message":"getTopCategoriesUrl: http://bd8b346f.ngrok.io/search/resources/store/10851/categoryview/@top?catalogId=10052&langId=-1","timestamp":"2018-01-29T08:30:57.713Z"}
{"level":"info","message":"{\"url\":\"http://bd8b346f.ngrok.io/search/resources/store/10851/categoryview/@top?catalogId=10052&langId=-1\",\"method\":\"GET\",\"json\":{},\"headers\":{\"Content-Type\":\"application/json\"}}","timestamp":"2018-01-29T08:30:57.713Z"}
{"level":"info","message":"getSubCategoriesUrl: http://bd8b346f.ngrok.io/search/resources/store/10851/categoryview/byParentCategory/10001","timestamp":"2018-01-29T08:30:58.778Z"}
{"level":"info","message":"{\"url\":\"http://bd8b346f.ngrok.io/search/resources/store/10851/categoryview/byParentCategory/10001\",\"method\":\"GET\",\"json\":{},\"headers\":{\"Content-Type\":\"application/json\"}}","timestamp":"2018-01-29T08:30:58.778Z"}
{"level":"info","message":"getTopCategoriesUrl: http://bd8b346f.ngrok.io/search/resources/store/10851/categoryview/@top?catalogId=10052&langId=-1","timestamp":"2018-01-29T08:31:02.990Z"}
{"level":"info","message":"{\"url\":\"http://bd8b346f.ngrok.io/search/resources/store/10851/categoryview/@top?catalogId=10052&langId=-1\",\"method\":\"GET\",\"json\":{},\"headers\":{\"Content-Type\":\"application/json\"}}","timestamp":"2018-01-29T08:31:02.990Z"}
{"level":"info","message":"getSubCategoriesUrl: http://bd8b346f.ngrok.io/search/resources/store/10851/categoryview/byParentCategory/10001","timestamp":"2018-01-29T08:31:03.938Z"}
{"level":"info","message":"{\"url\":\"http://bd8b346f.ngrok.io/search/resources/store/10851/categoryview/byParentCategory/10001\",\"method\":\"GET\",\"json\":{},\"headers\":{\"Content-Type\":\"application/json\"}}","timestamp":"2018-01-29T08:31:03.938Z"}
{"level":"info","message":"Login url = https://bd8b346f.ngrok.io/wcs/resources/store/10851/loginidentity","timestamp":"2018-01-29T08:46:13.550Z"}
{"level":"info","message":"messageData = bhuvana1@gmail.com|123qwe","timestamp":"2018-01-29T08:46:13.550Z"}
{"level":"info","message":"getTopCategoriesUrl: http://bd8b346f.ngrok.io/search/resources/store/10851/categoryview/@top?catalogId=10052&langId=-1","timestamp":"2018-01-29T08:46:16.400Z"}
{"level":"info","message":"{\"url\":\"http://bd8b346f.ngrok.io/search/resources/store/10851/categoryview/@top?catalogId=10052&langId=-1\",\"method\":\"GET\",\"json\":{},\"headers\":{\"Content-Type\":\"application/json\"}}","timestamp":"2018-01-29T08:46:16.400Z"}
{"level":"info","message":"getSubCategoriesUrl: http://bd8b346f.ngrok.io/search/resources/store/10851/categoryview/byParentCategory/10001","timestamp":"2018-01-29T08:46:17.284Z"}
{"level":"info","message":"{\"url\":\"http://bd8b346f.ngrok.io/search/resources/store/10851/categoryview/byParentCategory/10001\",\"method\":\"GET\",\"json\":{},\"headers\":{\"Content-Type\":\"application/json\"}}","timestamp":"2018-01-29T08:46:17.285Z"}
{"level":"info","message":"getTopCategoriesUrl: http://bd8b346f.ngrok.io/search/resources/store/10851/categoryview/@top?catalogId=10052&langId=-1","timestamp":"2018-01-29T08:47:06.904Z"}
{"level":"info","message":"{\"url\":\"http://bd8b346f.ngrok.io/search/resources/store/10851/categoryview/@top?catalogId=10052&langId=-1\",\"method\":\"GET\",\"json\":{},\"headers\":{\"Content-Type\":\"application/json\"}}","timestamp":"2018-01-29T08:47:06.904Z"}
{"level":"info","message":"getTopCategoriesUrl: http://bd8b346f.ngrok.io/search/resources/store/10851/categoryview/@top?catalogId=10052&langId=-1","timestamp":"2018-01-29T08:47:07.928Z"}
{"level":"info","message":"{\"url\":\"http://bd8b346f.ngrok.io/search/resources/store/10851/categoryview/@top?catalogId=10052&langId=-1\",\"method\":\"GET\",\"json\":{},\"headers\":{\"Content-Type\":\"application/json\"}}","timestamp":"2018-01-29T08:47:07.928Z"}
{"level":"info","message":"getSubCategoriesUrl: http://bd8b346f.ngrok.io/search/resources/store/10851/categoryview/byParentCategory/10001","timestamp":"2018-01-29T08:47:07.945Z"}
{"level":"info","message":"{\"url\":\"http://bd8b346f.ngrok.io/search/resources/store/10851/categoryview/byParentCategory/10001\",\"method\":\"GET\",\"json\":{},\"headers\":{\"Content-Type\":\"application/json\"}}","timestamp":"2018-01-29T08:47:07.945Z"}
{"level":"info","message":"getSubCategoriesUrl: http://bd8b346f.ngrok.io/search/resources/store/10851/categoryview/byParentCategory/10001","timestamp":"2018-01-29T08:47:08.881Z"}
{"level":"info","message":"{\"url\":\"http://bd8b346f.ngrok.io/search/resources/store/10851/categoryview/byParentCategory/10001\",\"method\":\"GET\",\"json\":{},\"headers\":{\"Content-Type\":\"application/json\"}}","timestamp":"2018-01-29T08:47:08.881Z"}
{"level":"info","message":"Login url = https://bd8b346f.ngrok.io/wcs/resources/store/10851/loginidentity","timestamp":"2018-01-29T08:47:14.951Z"}
{"level":"info","message":"messageData = bhuvana1@gmail.com|123qwe","timestamp":"2018-01-29T08:47:14.952Z"}
{"level":"info","message":"getTopCategoriesUrl: http://bd8b346f.ngrok.io/search/resources/store/10851/categoryview/@top?catalogId=10052&langId=-1","timestamp":"2018-01-29T08:47:16.635Z"}
{"level":"info","message":"{\"url\":\"http://bd8b346f.ngrok.io/search/resources/store/10851/categoryview/@top?catalogId=10052&langId=-1\",\"method\":\"GET\",\"json\":{},\"headers\":{\"Content-Type\":\"application/json\"}}","timestamp":"2018-01-29T08:47:16.635Z"}
{"level":"info","message":"getSubCategoriesUrl: http://bd8b346f.ngrok.io/search/resources/store/10851/categoryview/byParentCategory/10001","timestamp":"2018-01-29T08:47:17.655Z"}
{"level":"info","message":"{\"url\":\"http://bd8b346f.ngrok.io/search/resources/store/10851/categoryview/byParentCategory/10001\",\"method\":\"GET\",\"json\":{},\"headers\":{\"Content-Type\":\"application/json\"}}","timestamp":"2018-01-29T08:47:17.656Z"}
{"level":"info","message":"getTopCategoriesUrl: http://bd8b346f.ngrok.io/search/resources/store/10851/categoryview/@top?catalogId=10052&langId=-1","timestamp":"2018-01-29T08:49:20.857Z"}
{"level":"info","message":"{\"url\":\"http://bd8b346f.ngrok.io/search/resources/store/10851/categoryview/@top?catalogId=10052&langId=-1\",\"method\":\"GET\",\"json\":{},\"headers\":{\"Content-Type\":\"application/json\"}}","timestamp":"2018-01-29T08:49:20.857Z"}
{"level":"info","message":"getTopCategoriesUrl: http://bd8b346f.ngrok.io/search/resources/store/10851/categoryview/@top?catalogId=10052&langId=-1","timestamp":"2018-01-29T08:49:21.726Z"}
{"level":"info","message":"{\"url\":\"http://bd8b346f.ngrok.io/search/resources/store/10851/categoryview/@top?catalogId=10052&langId=-1\",\"method\":\"GET\",\"json\":{},\"headers\":{\"Content-Type\":\"application/json\"}}","timestamp":"2018-01-29T08:49:21.726Z"}
{"level":"info","message":"getSubCategoriesUrl: http://bd8b346f.ngrok.io/search/resources/store/10851/categoryview/byParentCategory/10001","timestamp":"2018-01-29T08:49:21.743Z"}
{"level":"info","message":"{\"url\":\"http://bd8b346f.ngrok.io/search/resources/store/10851/categoryview/byParentCategory/10001\",\"method\":\"GET\",\"json\":{},\"headers\":{\"Content-Type\":\"application/json\"}}","timestamp":"2018-01-29T08:49:21.743Z"}
{"level":"info","message":"getSubCategoriesUrl: http://bd8b346f.ngrok.io/search/resources/store/10851/categoryview/byParentCategory/10001","timestamp":"2018-01-29T08:49:22.576Z"}
{"level":"info","message":"{\"url\":\"http://bd8b346f.ngrok.io/search/resources/store/10851/categoryview/byParentCategory/10001\",\"method\":\"GET\",\"json\":{},\"headers\":{\"Content-Type\":\"application/json\"}}","timestamp":"2018-01-29T08:49:22.576Z"}
{"level":"info","message":"Login url = https://bd8b346f.ngrok.io/wcs/resources/store/10851/loginidentity","timestamp":"2018-01-29T08:49:32.655Z"}
{"level":"info","message":"messageData = bhuvana1@gmail.com|123qwe","timestamp":"2018-01-29T08:49:32.655Z"}
{"level":"info","message":"getTopCategoriesUrl: http://bd8b346f.ngrok.io/search/resources/store/10851/categoryview/@top?catalogId=10052&langId=-1","timestamp":"2018-01-29T08:49:33.881Z"}
{"level":"info","message":"{\"url\":\"http://bd8b346f.ngrok.io/search/resources/store/10851/categoryview/@top?catalogId=10052&langId=-1\",\"method\":\"GET\",\"json\":{},\"headers\":{\"Content-Type\":\"application/json\"}}","timestamp":"2018-01-29T08:49:33.881Z"}
{"level":"info","message":"getSubCategoriesUrl: http://bd8b346f.ngrok.io/search/resources/store/10851/categoryview/byParentCategory/10001","timestamp":"2018-01-29T08:49:34.798Z"}
{"level":"info","message":"{\"url\":\"http://bd8b346f.ngrok.io/search/resources/store/10851/categoryview/byParentCategory/10001\",\"method\":\"GET\",\"json\":{},\"headers\":{\"Content-Type\":\"application/json\"}}","timestamp":"2018-01-29T08:49:34.798Z"}
{"level":"info","message":"getTopCategoriesUrl: http://bd8b346f.ngrok.io/search/resources/store/10851/categoryview/@top?catalogId=10052&langId=-1","timestamp":"2018-01-29T08:50:01.575Z"}
{"level":"info","message":"{\"url\":\"http://bd8b346f.ngrok.io/search/resources/store/10851/categoryview/@top?catalogId=10052&langId=-1\",\"method\":\"GET\",\"json\":{},\"headers\":{\"Content-Type\":\"application/json\"}}","timestamp":"2018-01-29T08:50:01.575Z"}
{"level":"info","message":"getSubCategoriesUrl: http://bd8b346f.ngrok.io/search/resources/store/10851/categoryview/byParentCategory/10001","timestamp":"2018-01-29T08:50:11.564Z"}
{"level":"info","message":"{\"url\":\"http://bd8b346f.ngrok.io/search/resources/store/10851/categoryview/byParentCategory/10001\",\"method\":\"GET\",\"json\":{},\"headers\":{\"Content-Type\":\"application/json\"}}","timestamp":"2018-01-29T08:50:11.564Z"}
{"level":"info","message":"getTopCategoriesUrl: http://bd8b346f.ngrok.io/search/resources/store/10851/categoryview/@top?catalogId=10052&langId=-1","timestamp":"2018-01-29T08:50:15.411Z"}
{"level":"info","message":"{\"url\":\"http://bd8b346f.ngrok.io/search/resources/store/10851/categoryview/@top?catalogId=10052&langId=-1\",\"method\":\"GET\",\"json\":{},\"headers\":{\"Content-Type\":\"application/json\"}}","timestamp":"2018-01-29T08:50:15.411Z"}
{"level":"info","message":"getSubCategoriesUrl: http://bd8b346f.ngrok.io/search/resources/store/10851/categoryview/byParentCategory/10001","timestamp":"2018-01-29T08:50:16.262Z"}
{"level":"info","message":"{\"url\":\"http://bd8b346f.ngrok.io/search/resources/store/10851/categoryview/byParentCategory/10001\",\"method\":\"GET\",\"json\":{},\"headers\":{\"Content-Type\":\"application/json\"}}","timestamp":"2018-01-29T08:50:16.262Z"}
{"level":"info","message":"Login url = https://bd8b346f.ngrok.io/wcs/resources/store/10851/loginidentity","timestamp":"2018-01-29T08:50:20.248Z"}
{"level":"info","message":"messageData = bhuvana1@gmail.com|123qwe","timestamp":"2018-01-29T08:50:20.248Z"}
{"level":"info","message":"getTopCategoriesUrl: http://bd8b346f.ngrok.io/search/resources/store/10851/categoryview/@top?catalogId=10052&langId=-1","timestamp":"2018-01-29T08:50:22.041Z"}
{"level":"info","message":"{\"url\":\"http://bd8b346f.ngrok.io/search/resources/store/10851/categoryview/@top?catalogId=10052&langId=-1\",\"method\":\"GET\",\"json\":{},\"headers\":{\"Content-Type\":\"application/json\"}}","timestamp":"2018-01-29T08:50:22.041Z"}
{"level":"info","message":"getSubCategoriesUrl: http://bd8b346f.ngrok.io/search/resources/store/10851/categoryview/byParentCategory/10001","timestamp":"2018-01-29T08:50:22.952Z"}
{"level":"info","message":"{\"url\":\"http://bd8b346f.ngrok.io/search/resources/store/10851/categoryview/byParentCategory/10001\",\"method\":\"GET\",\"json\":{},\"headers\":{\"Content-Type\":\"application/json\"}}","timestamp":"2018-01-29T08:50:22.953Z"}
{"level":"info","message":"getTopCategoriesUrl: http://bd8b346f.ngrok.io/search/resources/store/10851/categoryview/@top?catalogId=10052&langId=-1","timestamp":"2018-01-29T08:50:35.862Z"}
{"level":"info","message":"{\"url\":\"http://bd8b346f.ngrok.io/search/resources/store/10851/categoryview/@top?catalogId=10052&langId=-1\",\"method\":\"GET\",\"json\":{},\"headers\":{\"Content-Type\":\"application/json\"}}","timestamp":"2018-01-29T08:50:35.863Z"}
{"level":"info","message":"getSubCategoriesUrl: http://bd8b346f.ngrok.io/search/resources/store/10851/categoryview/byParentCategory/10001","timestamp":"2018-01-29T08:50:36.733Z"}
{"level":"info","message":"{\"url\":\"http://bd8b346f.ngrok.io/search/resources/store/10851/categoryview/byParentCategory/10001\",\"method\":\"GET\",\"json\":{},\"headers\":{\"Content-Type\":\"application/json\"}}","timestamp":"2018-01-29T08:50:36.735Z"}
{"level":"info","message":"getTopCategoriesUrl: http://bd8b346f.ngrok.io/search/resources/store/10851/categoryview/@top?catalogId=10052&langId=-1","timestamp":"2018-01-29T08:50:37.584Z"}
{"level":"info","message":"{\"url\":\"http://bd8b346f.ngrok.io/search/resources/store/10851/categoryview/@top?catalogId=10052&langId=-1\",\"method\":\"GET\",\"json\":{},\"headers\":{\"Content-Type\":\"application/json\"}}","timestamp":"2018-01-29T08:50:37.585Z"}
{"level":"info","message":"getSubCategoriesUrl: http://bd8b346f.ngrok.io/search/resources/store/10851/categoryview/byParentCategory/10001","timestamp":"2018-01-29T08:50:38.408Z"}
{"level":"info","message":"{\"url\":\"http://bd8b346f.ngrok.io/search/resources/store/10851/categoryview/byParentCategory/10001\",\"method\":\"GET\",\"json\":{},\"headers\":{\"Content-Type\":\"application/json\"}}","timestamp":"2018-01-29T08:50:38.409Z"}
{"level":"info","message":"Login url = https://bd8b346f.ngrok.io/wcs/resources/store/10851/loginidentity","timestamp":"2018-01-29T08:50:42.742Z"}
{"level":"info","message":"messageData = bhuvana1@gmail.com|123qwe","timestamp":"2018-01-29T08:50:42.742Z"}
{"level":"info","message":"getTopCategoriesUrl: http://bd8b346f.ngrok.io/search/resources/store/10851/categoryview/@top?catalogId=10052&langId=-1","timestamp":"2018-01-29T08:50:44.072Z"}
{"level":"info","message":"{\"url\":\"http://bd8b346f.ngrok.io/search/resources/store/10851/categoryview/@top?catalogId=10052&langId=-1\",\"method\":\"GET\",\"json\":{},\"headers\":{\"Content-Type\":\"application/json\"}}","timestamp":"2018-01-29T08:50:44.072Z"}
{"level":"info","message":"getSubCategoriesUrl: http://bd8b346f.ngrok.io/search/resources/store/10851/categoryview/byParentCategory/10001","timestamp":"2018-01-29T08:50:45.092Z"}
{"level":"info","message":"{\"url\":\"http://bd8b346f.ngrok.io/search/resources/store/10851/categoryview/byParentCategory/10001\",\"method\":\"GET\",\"json\":{},\"headers\":{\"Content-Type\":\"application/json\"}}","timestamp":"2018-01-29T08:50:45.092Z"}
{"level":"info","message":"SEOKeyword URLhttps://bd8b346f.ngrok.io/wcs/resources/store/10851/seo/seoKeyword?type=Product&uniqueId=19093","timestamp":"2018-01-29T08:53:43.724Z"}
{"level":"info","message":"getTopCategoriesUrl: http://bd8b346f.ngrok.io/search/resources/store/10851/categoryview/@top?catalogId=10052&langId=-1","timestamp":"2018-01-29T08:54:01.025Z"}
{"level":"info","message":"{\"url\":\"http://bd8b346f.ngrok.io/search/resources/store/10851/categoryview/@top?catalogId=10052&langId=-1\",\"method\":\"GET\",\"json\":{},\"headers\":{\"Content-Type\":\"application/json\"}}","timestamp":"2018-01-29T08:54:01.025Z"}
{"level":"info","message":"getSubCategoriesUrl: http://bd8b346f.ngrok.io/search/resources/store/10851/categoryview/byParentCategory/10001","timestamp":"2018-01-29T08:54:01.978Z"}
{"level":"info","message":"{\"url\":\"http://bd8b346f.ngrok.io/search/resources/store/10851/categoryview/byParentCategory/10001\",\"method\":\"GET\",\"json\":{},\"headers\":{\"Content-Type\":\"application/json\"}}","timestamp":"2018-01-29T08:54:01.978Z"}
{"level":"info","message":"SEOKeyword URLhttps://bd8b346f.ngrok.io/wcs/resources/store/10851/seo/seoKeyword?type=Product&uniqueId=19093","timestamp":"2018-01-29T08:54:28.630Z"}
{"level":"info","message":"getTopCategoriesUrl: http://bd8b346f.ngrok.io/search/resources/store/10851/categoryview/@top?catalogId=10052&langId=-1","timestamp":"2018-01-29T08:55:25.213Z"}
{"level":"info","message":"{\"url\":\"http://bd8b346f.ngrok.io/search/resources/store/10851/categoryview/@top?catalogId=10052&langId=-1\",\"method\":\"GET\",\"json\":{},\"headers\":{\"Content-Type\":\"application/json\"}}","timestamp":"2018-01-29T08:55:25.214Z"}
{"level":"info","message":"getTopCategoriesUrl: http://bd8b346f.ngrok.io/search/resources/store/10851/categoryview/@top?catalogId=10052&langId=-1","timestamp":"2018-01-29T08:55:26.253Z"}
{"level":"info","message":"{\"url\":\"http://bd8b346f.ngrok.io/search/resources/store/10851/categoryview/@top?catalogId=10052&langId=-1\",\"method\":\"GET\",\"json\":{},\"headers\":{\"Content-Type\":\"application/json\"}}","timestamp":"2018-01-29T08:55:26.253Z"}
{"level":"info","message":"getSubCategoriesUrl: http://bd8b346f.ngrok.io/search/resources/store/10851/categoryview/byParentCategory/10001","timestamp":"2018-01-29T08:55:26.274Z"}
{"level":"info","message":"{\"url\":\"http://bd8b346f.ngrok.io/search/resources/store/10851/categoryview/byParentCategory/10001\",\"method\":\"GET\",\"json\":{},\"headers\":{\"Content-Type\":\"application/json\"}}","timestamp":"2018-01-29T08:55:26.274Z"}
{"level":"info","message":"getSubCategoriesUrl: http://bd8b346f.ngrok.io/search/resources/store/10851/categoryview/byParentCategory/10001","timestamp":"2018-01-29T08:55:27.405Z"}
{"level":"info","message":"{\"url\":\"http://bd8b346f.ngrok.io/search/resources/store/10851/categoryview/byParentCategory/10001\",\"method\":\"GET\",\"json\":{},\"headers\":{\"Content-Type\":\"application/json\"}}","timestamp":"2018-01-29T08:55:27.405Z"}
{"level":"info","message":"Login url = https://bd8b346f.ngrok.io/wcs/resources/store/10851/loginidentity","timestamp":"2018-01-29T08:55:33.771Z"}
{"level":"info","message":"messageData = bhuvana1@gmail.com|123qwe","timestamp":"2018-01-29T08:55:33.772Z"}
{"level":"info","message":"getTopCategoriesUrl: http://bd8b346f.ngrok.io/search/resources/store/10851/categoryview/@top?catalogId=10052&langId=-1","timestamp":"2018-01-29T08:55:35.377Z"}
{"level":"info","message":"{\"url\":\"http://bd8b346f.ngrok.io/search/resources/store/10851/categoryview/@top?catalogId=10052&langId=-1\",\"method\":\"GET\",\"json\":{},\"headers\":{\"Content-Type\":\"application/json\"}}","timestamp":"2018-01-29T08:55:35.377Z"}
{"level":"info","message":"getSubCategoriesUrl: http://bd8b346f.ngrok.io/search/resources/store/10851/categoryview/byParentCategory/10001","timestamp":"2018-01-29T08:55:36.401Z"}
{"level":"info","message":"{\"url\":\"http://bd8b346f.ngrok.io/search/resources/store/10851/categoryview/byParentCategory/10001\",\"method\":\"GET\",\"json\":{},\"headers\":{\"Content-Type\":\"application/json\"}}","timestamp":"2018-01-29T08:55:36.401Z"}
{"level":"info","message":"SEOKeyword URLhttps://bd8b346f.ngrok.io/wcs/resources/store/10851/seo/seoKeyword?type=Product&uniqueId=19093","timestamp":"2018-01-29T08:56:28.636Z"}
{"level":"info","message":"getTopCategoriesUrl: http://bd8b346f.ngrok.io/search/resources/store/10851/categoryview/@top?catalogId=10052&langId=-1","timestamp":"2018-01-29T08:56:53.369Z"}
{"level":"info","message":"{\"url\":\"http://bd8b346f.ngrok.io/search/resources/store/10851/categoryview/@top?catalogId=10052&langId=-1\",\"method\":\"GET\",\"json\":{},\"headers\":{\"Content-Type\":\"application/json\"}}","timestamp":"2018-01-29T08:56:53.369Z"}
{"level":"info","message":"getTopCategoriesUrl: http://bd8b346f.ngrok.io/search/resources/store/10851/categoryview/@top?catalogId=10052&langId=-1","timestamp":"2018-01-29T08:56:54.411Z"}
{"level":"info","message":"{\"url\":\"http://bd8b346f.ngrok.io/search/resources/store/10851/categoryview/@top?catalogId=10052&langId=-1\",\"method\":\"GET\",\"json\":{},\"headers\":{\"Content-Type\":\"application/json\"}}","timestamp":"2018-01-29T08:56:54.411Z"}
{"level":"info","message":"getSubCategoriesUrl: http://bd8b346f.ngrok.io/search/resources/store/10851/categoryview/byParentCategory/10001","timestamp":"2018-01-29T08:56:54.428Z"}
{"level":"info","message":"{\"url\":\"http://bd8b346f.ngrok.io/search/resources/store/10851/categoryview/byParentCategory/10001\",\"method\":\"GET\",\"json\":{},\"headers\":{\"Content-Type\":\"application/json\"}}","timestamp":"2018-01-29T08:56:54.429Z"}
{"level":"info","message":"getSubCategoriesUrl: http://bd8b346f.ngrok.io/search/resources/store/10851/categoryview/byParentCategory/10001","timestamp":"2018-01-29T08:56:55.358Z"}
{"level":"info","message":"{\"url\":\"http://bd8b346f.ngrok.io/search/resources/store/10851/categoryview/byParentCategory/10001\",\"method\":\"GET\",\"json\":{},\"headers\":{\"Content-Type\":\"application/json\"}}","timestamp":"2018-01-29T08:56:55.358Z"}
{"level":"info","message":"Login url = https://bd8b346f.ngrok.io/wcs/resources/store/10851/loginidentity","timestamp":"2018-01-29T08:57:01.350Z"}
{"level":"info","message":"messageData = bhuvana1@gmail.com|123qwe","timestamp":"2018-01-29T08:57:01.350Z"}
{"level":"info","message":"getTopCategoriesUrl: http://bd8b346f.ngrok.io/search/resources/store/10851/categoryview/@top?catalogId=10052&langId=-1","timestamp":"2018-01-29T08:57:02.712Z"}
{"level":"info","message":"{\"url\":\"http://bd8b346f.ngrok.io/search/resources/store/10851/categoryview/@top?catalogId=10052&langId=-1\",\"method\":\"GET\",\"json\":{},\"headers\":{\"Content-Type\":\"application/json\"}}","timestamp":"2018-01-29T08:57:02.712Z"}
{"level":"info","message":"getSubCategoriesUrl: http://bd8b346f.ngrok.io/search/resources/store/10851/categoryview/byParentCategory/10001","timestamp":"2018-01-29T08:57:03.717Z"}
{"level":"info","message":"{\"url\":\"http://bd8b346f.ngrok.io/search/resources/store/10851/categoryview/byParentCategory/10001\",\"method\":\"GET\",\"json\":{},\"headers\":{\"Content-Type\":\"application/json\"}}","timestamp":"2018-01-29T08:57:03.717Z"}
{"level":"info","message":"getTopCategoriesUrl: http://bd8b346f.ngrok.io/search/resources/store/10851/categoryview/@top?catalogId=10052&langId=-1","timestamp":"2018-01-29T08:57:43.177Z"}
{"level":"info","message":"{\"url\":\"http://bd8b346f.ngrok.io/search/resources/store/10851/categoryview/@top?catalogId=10052&langId=-1\",\"method\":\"GET\",\"json\":{},\"headers\":{\"Content-Type\":\"application/json\"}}","timestamp":"2018-01-29T08:57:43.177Z"}
{"level":"info","message":"getSubCategoriesUrl: http://bd8b346f.ngrok.io/search/resources/store/10851/categoryview/byParentCategory/10001","timestamp":"2018-01-29T08:57:44.244Z"}
{"level":"info","message":"{\"url\":\"http://bd8b346f.ngrok.io/search/resources/store/10851/categoryview/byParentCategory/10001\",\"method\":\"GET\",\"json\":{},\"headers\":{\"Content-Type\":\"application/json\"}}","timestamp":"2018-01-29T08:57:44.244Z"}
{"level":"info","message":"getTopCategoriesUrl: http://bd8b346f.ngrok.io/search/resources/store/10851/categoryview/@top?catalogId=10052&langId=-1","timestamp":"2018-01-29T08:57:48.548Z"}
{"level":"info","message":"{\"url\":\"http://bd8b346f.ngrok.io/search/resources/store/10851/categoryview/@top?catalogId=10052&langId=-1\",\"method\":\"GET\",\"json\":{},\"headers\":{\"Content-Type\":\"application/json\"}}","timestamp":"2018-01-29T08:57:48.548Z"}
{"level":"info","message":"getSubCategoriesUrl: http://bd8b346f.ngrok.io/search/resources/store/10851/categoryview/byParentCategory/10001","timestamp":"2018-01-29T08:57:49.468Z"}
{"level":"info","message":"{\"url\":\"http://bd8b346f.ngrok.io/search/resources/store/10851/categoryview/byParentCategory/10001\",\"method\":\"GET\",\"json\":{},\"headers\":{\"Content-Type\":\"application/json\"}}","timestamp":"2018-01-29T08:57:49.468Z"}
{"level":"info","message":"Login url = https://bd8b346f.ngrok.io/wcs/resources/store/10851/loginidentity","timestamp":"2018-01-29T08:57:52.698Z"}
{"level":"info","message":"messageData = bhuvana1@gmail.com|123qwe","timestamp":"2018-01-29T08:57:52.698Z"}
{"level":"info","message":"getTopCategoriesUrl: http://bd8b346f.ngrok.io/search/resources/store/10851/categoryview/@top?catalogId=10052&langId=-1","timestamp":"2018-01-29T08:57:54.194Z"}
{"level":"info","message":"{\"url\":\"http://bd8b346f.ngrok.io/search/resources/store/10851/categoryview/@top?catalogId=10052&langId=-1\",\"method\":\"GET\",\"json\":{},\"headers\":{\"Content-Type\":\"application/json\"}}","timestamp":"2018-01-29T08:57:54.194Z"}
{"level":"info","message":"getSubCategoriesUrl: http://bd8b346f.ngrok.io/search/resources/store/10851/categoryview/byParentCategory/10001","timestamp":"2018-01-29T08:57:55.007Z"}
{"level":"info","message":"{\"url\":\"http://bd8b346f.ngrok.io/search/resources/store/10851/categoryview/byParentCategory/10001\",\"method\":\"GET\",\"json\":{},\"headers\":{\"Content-Type\":\"application/json\"}}","timestamp":"2018-01-29T08:57:55.007Z"}
{"level":"info","message":"SEOKeyword URLhttps://bd8b346f.ngrok.io/wcs/resources/store/10851/seo/seoKeyword?type=Product&uniqueId=19093","timestamp":"2018-01-29T08:58:35.817Z"}
{"message":"errors in service for SEOKeywordUrl in WCS: ","name":"StatusCodeError","statusCode":504,"error":"<html><body><h1>504 Gateway Time-out</h1>\nThe server didn't respond in time.\n</body></html>\n","options":{"url":"https://bd8b346f.ngrok.io/wcs/resources/store/10851/seo/seoKeyword?type=Product&uniqueId=19093","method":"GET","json":"","headers":{"Content-Type":"application/json"},"simple":true,"resolveWithFullResponse":false,"transform2xxOnly":false},"response":{"statusCode":504,"body":"<html><body><h1>504 Gateway Time-out</h1>\nThe server didn't respond in time.\n</body></html>\n","headers":{"cache-control":"no-cache","connection":"close","content-type":"text/html"},"request":{"uri":{"protocol":"https:","slashes":true,"auth":null,"host":"bd8b346f.ngrok.io","port":443,"hostname":"bd8b346f.ngrok.io","hash":null,"search":"?type=Product&uniqueId=19093","query":"type=Product&uniqueId=19093","pathname":"/wcs/resources/store/10851/seo/seoKeyword","path":"/wcs/resources/store/10851/seo/seoKeyword?type=Product&uniqueId=19093","href":"https://bd8b346f.ngrok.io/wcs/resources/store/10851/seo/seoKeyword?type=Product&uniqueId=19093"},"method":"GET","headers":{"Content-Type":"application/json"}}},"stack":"StatusCodeError: 504 - \"<html><body><h1>504 Gateway Time-out</h1>\\nThe server didn't respond in time.\\n</body></html>\\n\"\n    at new StatusCodeError (/Users/monicar/headStart/node_modules/request-promise-core/lib/errors.js:32:15)\n    at Request.plumbing.callback (/Users/monicar/headStart/node_modules/request-promise-core/lib/plumbing.js:104:33)\n    at Request.RP$callback [as _callback] (/Users/monicar/headStart/node_modules/request-promise-core/lib/plumbing.js:46:31)\n    at Request.self.callback (/Users/monicar/headStart/node_modules/request/request.js:186:22)\n    at emitTwo (events.js:125:13)\n    at Request.emit (events.js:213:7)\n    at Request.<anonymous> (/Users/monicar/headStart/node_modules/request/request.js:1163:10)\n    at emitOne (events.js:115:13)\n    at Request.emit (events.js:210:7)\n    at IncomingMessage.<anonymous> (/Users/monicar/headStart/node_modules/request/request.js:1085:12)\n    at Object.onceWrapper (events.js:314:30)\n    at emitNone (events.js:110:20)\n    at IncomingMessage.emit (events.js:207:7)\n    at endReadableNT (_stream_readable.js:1045:12)\n    at _combinedTickCallback (internal/process/next_tick.js:138:11)\n    at process._tickCallback (internal/process/next_tick.js:180:9)","level":"error","timestamp":"2018-01-29T08:58:44.878Z"}
{"message":"errors in service for SEOKeywordUrl in WCS: ","name":"StatusCodeError","statusCode":504,"error":"<html><body><h1>504 Gateway Time-out</h1>\nThe server didn't respond in time.\n</body></html>\n","options":{"url":"https://bd8b346f.ngrok.io/wcs/resources/store/10851/seo/seoKeyword?type=Product&uniqueId=19093","method":"GET","json":"","headers":{"Content-Type":"application/json"},"simple":true,"resolveWithFullResponse":false,"transform2xxOnly":false},"response":{"statusCode":504,"body":"<html><body><h1>504 Gateway Time-out</h1>\nThe server didn't respond in time.\n</body></html>\n","headers":{"cache-control":"no-cache","connection":"close","content-type":"text/html"},"request":{"uri":{"protocol":"https:","slashes":true,"auth":null,"host":"bd8b346f.ngrok.io","port":443,"hostname":"bd8b346f.ngrok.io","hash":null,"search":"?type=Product&uniqueId=19093","query":"type=Product&uniqueId=19093","pathname":"/wcs/resources/store/10851/seo/seoKeyword","path":"/wcs/resources/store/10851/seo/seoKeyword?type=Product&uniqueId=19093","href":"https://bd8b346f.ngrok.io/wcs/resources/store/10851/seo/seoKeyword?type=Product&uniqueId=19093"},"method":"GET","headers":{"Content-Type":"application/json"}}},"stack":"StatusCodeError: 504 - \"<html><body><h1>504 Gateway Time-out</h1>\\nThe server didn't respond in time.\\n</body></html>\\n\"\n    at new StatusCodeError (/Users/monicar/headStart/node_modules/request-promise-core/lib/errors.js:32:15)\n    at Request.plumbing.callback (/Users/monicar/headStart/node_modules/request-promise-core/lib/plumbing.js:104:33)\n    at Request.RP$callback [as _callback] (/Users/monicar/headStart/node_modules/request-promise-core/lib/plumbing.js:46:31)\n    at Request.self.callback (/Users/monicar/headStart/node_modules/request/request.js:186:22)\n    at emitTwo (events.js:125:13)\n    at Request.emit (events.js:213:7)\n    at Request.<anonymous> (/Users/monicar/headStart/node_modules/request/request.js:1163:10)\n    at emitOne (events.js:115:13)\n    at Request.emit (events.js:210:7)\n    at IncomingMessage.<anonymous> (/Users/monicar/headStart/node_modules/request/request.js:1085:12)\n    at Object.onceWrapper (events.js:314:30)\n    at emitNone (events.js:110:20)\n    at IncomingMessage.emit (events.js:207:7)\n    at endReadableNT (_stream_readable.js:1045:12)\n    at _combinedTickCallback (internal/process/next_tick.js:138:11)\n    at process._tickCallback (internal/process/next_tick.js:180:9)","level":"error","timestamp":"2018-01-29T08:59:29.513Z"}
{"message":"errors in service for SEOKeywordUrl in WCS: ","name":"StatusCodeError","statusCode":504,"error":"<html><body><h1>504 Gateway Time-out</h1>\nThe server didn't respond in time.\n</body></html>\n","options":{"url":"https://bd8b346f.ngrok.io/wcs/resources/store/10851/seo/seoKeyword?type=Product&uniqueId=19093","method":"GET","json":"","headers":{"Content-Type":"application/json"},"simple":true,"resolveWithFullResponse":false,"transform2xxOnly":false},"response":{"statusCode":504,"body":"<html><body><h1>504 Gateway Time-out</h1>\nThe server didn't respond in time.\n</body></html>\n","headers":{"cache-control":"no-cache","connection":"close","content-type":"text/html"},"request":{"uri":{"protocol":"https:","slashes":true,"auth":null,"host":"bd8b346f.ngrok.io","port":443,"hostname":"bd8b346f.ngrok.io","hash":null,"search":"?type=Product&uniqueId=19093","query":"type=Product&uniqueId=19093","pathname":"/wcs/resources/store/10851/seo/seoKeyword","path":"/wcs/resources/store/10851/seo/seoKeyword?type=Product&uniqueId=19093","href":"https://bd8b346f.ngrok.io/wcs/resources/store/10851/seo/seoKeyword?type=Product&uniqueId=19093"},"method":"GET","headers":{"Content-Type":"application/json"}}},"stack":"StatusCodeError: 504 - \"<html><body><h1>504 Gateway Time-out</h1>\\nThe server didn't respond in time.\\n</body></html>\\n\"\n    at new StatusCodeError (/Users/monicar/headStart/node_modules/request-promise-core/lib/errors.js:32:15)\n    at Request.plumbing.callback (/Users/monicar/headStart/node_modules/request-promise-core/lib/plumbing.js:104:33)\n    at Request.RP$callback [as _callback] (/Users/monicar/headStart/node_modules/request-promise-core/lib/plumbing.js:46:31)\n    at Request.self.callback (/Users/monicar/headStart/node_modules/request/request.js:186:22)\n    at emitTwo (events.js:125:13)\n    at Request.emit (events.js:213:7)\n    at Request.<anonymous> (/Users/monicar/headStart/node_modules/request/request.js:1163:10)\n    at emitOne (events.js:115:13)\n    at Request.emit (events.js:210:7)\n    at IncomingMessage.<anonymous> (/Users/monicar/headStart/node_modules/request/request.js:1085:12)\n    at Object.onceWrapper (events.js:314:30)\n    at emitNone (events.js:110:20)\n    at IncomingMessage.emit (events.js:207:7)\n    at endReadableNT (_stream_readable.js:1045:12)\n    at _combinedTickCallback (internal/process/next_tick.js:138:11)\n    at process._tickCallback (internal/process/next_tick.js:180:9)","level":"error","timestamp":"2018-01-29T09:01:29.942Z"}
{"level":"info","message":"SEO Keyword : null","timestamp":"2018-01-29T09:01:59.148Z"}
{"level":"info","message":"SEOKeyword URLhttps://bd8b346f.ngrok.io/wcs/resources/store/10851/seo/seoKeyword?type=Product&uniqueId=19093","timestamp":"2018-01-29T09:02:53.357Z"}
{"level":"info","message":"SEOKeyword URLhttps://bd8b346f.ngrok.io/wcs/resources/store/10851/seo/seoKeyword?type=Product&uniqueId=19093","timestamp":"2018-01-29T09:02:54.156Z"}
{"level":"info","message":"SEO Keyword : null","timestamp":"2018-01-29T09:02:54.815Z"}
{"level":"info","message":"SEO Keyword : null","timestamp":"2018-01-29T09:02:55.470Z"}
{"level":"info","message":"SEOKeyword URLhttps://bd8b346f.ngrok.io/wcs/resources/store/10851/seo/seoKeyword?type=Product&uniqueId=13123","timestamp":"2018-01-29T09:03:06.934Z"}
{"level":"info","message":"SEO Keyword : claudet-nma026-2602--1","timestamp":"2018-01-29T09:03:08.114Z"}
{"level":"info","message":"getTopCategoriesUrl: http://bd8b346f.ngrok.io/search/resources/store/10851/categoryview/@top?catalogId=10052&langId=-1","timestamp":"2018-01-29T09:06:21.514Z"}
{"level":"info","message":"{\"url\":\"http://bd8b346f.ngrok.io/search/resources/store/10851/categoryview/@top?catalogId=10052&langId=-1\",\"method\":\"GET\",\"json\":{},\"headers\":{\"Content-Type\":\"application/json\"}}","timestamp":"2018-01-29T09:06:21.518Z"}
{"level":"info","message":"getSubCategoriesUrl: http://bd8b346f.ngrok.io/search/resources/store/10851/categoryview/byParentCategory/10001","timestamp":"2018-01-29T09:06:22.598Z"}
{"level":"info","message":"{\"url\":\"http://bd8b346f.ngrok.io/search/resources/store/10851/categoryview/byParentCategory/10001\",\"method\":\"GET\",\"json\":{},\"headers\":{\"Content-Type\":\"application/json\"}}","timestamp":"2018-01-29T09:06:22.598Z"}
{"level":"info","message":"getTopCategoriesUrl: http://bd8b346f.ngrok.io/search/resources/store/10851/categoryview/@top?catalogId=10052&langId=-1","timestamp":"2018-01-29T09:08:03.300Z"}
{"level":"info","message":"{\"url\":\"http://bd8b346f.ngrok.io/search/resources/store/10851/categoryview/@top?catalogId=10052&langId=-1\",\"method\":\"GET\",\"json\":{},\"headers\":{\"Content-Type\":\"application/json\"}}","timestamp":"2018-01-29T09:08:03.300Z"}
{"level":"info","message":"getSubCategoriesUrl: http://bd8b346f.ngrok.io/search/resources/store/10851/categoryview/byParentCategory/10001","timestamp":"2018-01-29T09:08:04.361Z"}
{"level":"info","message":"{\"url\":\"http://bd8b346f.ngrok.io/search/resources/store/10851/categoryview/byParentCategory/10001\",\"method\":\"GET\",\"json\":{},\"headers\":{\"Content-Type\":\"application/json\"}}","timestamp":"2018-01-29T09:08:04.361Z"}
{"level":"info","message":"getTopCategoriesUrl: http://bd8b346f.ngrok.io/search/resources/store/10851/categoryview/@top?catalogId=10052&langId=-1","timestamp":"2018-01-29T09:08:10.937Z"}
{"level":"info","message":"{\"url\":\"http://bd8b346f.ngrok.io/search/resources/store/10851/categoryview/@top?catalogId=10052&langId=-1\",\"method\":\"GET\",\"json\":{},\"headers\":{\"Content-Type\":\"application/json\"}}","timestamp":"2018-01-29T09:08:10.937Z"}
{"level":"info","message":"getTopCategoriesUrl: http://bd8b346f.ngrok.io/search/resources/store/10851/categoryview/@top?catalogId=10052&langId=-1","timestamp":"2018-01-29T09:08:11.750Z"}
{"level":"info","message":"{\"url\":\"http://bd8b346f.ngrok.io/search/resources/store/10851/categoryview/@top?catalogId=10052&langId=-1\",\"method\":\"GET\",\"json\":{},\"headers\":{\"Content-Type\":\"application/json\"}}","timestamp":"2018-01-29T09:08:11.751Z"}
{"level":"info","message":"getSubCategoriesUrl: http://bd8b346f.ngrok.io/search/resources/store/10851/categoryview/byParentCategory/10001","timestamp":"2018-01-29T09:08:11.767Z"}
{"level":"info","message":"{\"url\":\"http://bd8b346f.ngrok.io/search/resources/store/10851/categoryview/byParentCategory/10001\",\"method\":\"GET\",\"json\":{},\"headers\":{\"Content-Type\":\"application/json\"}}","timestamp":"2018-01-29T09:08:11.767Z"}
{"level":"info","message":"getSubCategoriesUrl: http://bd8b346f.ngrok.io/search/resources/store/10851/categoryview/byParentCategory/10001","timestamp":"2018-01-29T09:08:12.594Z"}
{"level":"info","message":"{\"url\":\"http://bd8b346f.ngrok.io/search/resources/store/10851/categoryview/byParentCategory/10001\",\"method\":\"GET\",\"json\":{},\"headers\":{\"Content-Type\":\"application/json\"}}","timestamp":"2018-01-29T09:08:12.595Z"}
{"level":"info","message":"getTopCategoriesUrl: http://bd8b346f.ngrok.io/search/resources/store/10851/categoryview/@top?catalogId=10052&langId=-1","timestamp":"2018-01-29T09:08:42.988Z"}
{"level":"info","message":"{\"url\":\"http://bd8b346f.ngrok.io/search/resources/store/10851/categoryview/@top?catalogId=10052&langId=-1\",\"method\":\"GET\",\"json\":{},\"headers\":{\"Content-Type\":\"application/json\"}}","timestamp":"2018-01-29T09:08:42.988Z"}
{"level":"info","message":"getSubCategoriesUrl: http://bd8b346f.ngrok.io/search/resources/store/10851/categoryview/byParentCategory/10001","timestamp":"2018-01-29T09:08:43.799Z"}
{"level":"info","message":"{\"url\":\"http://bd8b346f.ngrok.io/search/resources/store/10851/categoryview/byParentCategory/10001\",\"method\":\"GET\",\"json\":{},\"headers\":{\"Content-Type\":\"application/json\"}}","timestamp":"2018-01-29T09:08:43.799Z"}
{"level":"info","message":"getTopCategoriesUrl: http://bd8b346f.ngrok.io/search/resources/store/10851/categoryview/@top?catalogId=10052&langId=-1","timestamp":"2018-01-29T09:09:06.700Z"}
{"level":"info","message":"{\"url\":\"http://bd8b346f.ngrok.io/search/resources/store/10851/categoryview/@top?catalogId=10052&langId=-1\",\"method\":\"GET\",\"json\":{},\"headers\":{\"Content-Type\":\"application/json\"}}","timestamp":"2018-01-29T09:09:06.701Z"}
{"level":"info","message":"getSubCategoriesUrl: http://bd8b346f.ngrok.io/search/resources/store/10851/categoryview/byParentCategory/10001","timestamp":"2018-01-29T09:09:07.666Z"}
{"level":"info","message":"{\"url\":\"http://bd8b346f.ngrok.io/search/resources/store/10851/categoryview/byParentCategory/10001\",\"method\":\"GET\",\"json\":{},\"headers\":{\"Content-Type\":\"application/json\"}}","timestamp":"2018-01-29T09:09:07.666Z"}
{"level":"info","message":"getTopCategoriesUrl: http://bd8b346f.ngrok.io/search/resources/store/10851/categoryview/@top?catalogId=10052&langId=-1","timestamp":"2018-01-29T09:14:00.266Z"}
{"level":"info","message":"{\"url\":\"http://bd8b346f.ngrok.io/search/resources/store/10851/categoryview/@top?catalogId=10052&langId=-1\",\"method\":\"GET\",\"json\":{},\"headers\":{\"Content-Type\":\"application/json\"}}","timestamp":"2018-01-29T09:14:00.266Z"}
{"level":"info","message":"getSubCategoriesUrl: http://bd8b346f.ngrok.io/search/resources/store/10851/categoryview/byParentCategory/10001","timestamp":"2018-01-29T09:14:01.263Z"}
{"level":"info","message":"{\"url\":\"http://bd8b346f.ngrok.io/search/resources/store/10851/categoryview/byParentCategory/10001\",\"method\":\"GET\",\"json\":{},\"headers\":{\"Content-Type\":\"application/json\"}}","timestamp":"2018-01-29T09:14:01.264Z"}
{"level":"info","message":"getTopCategoriesUrl: http://bd8b346f.ngrok.io/search/resources/store/10851/categoryview/@top?catalogId=10052&langId=-1","timestamp":"2018-01-29T09:14:11.271Z"}
{"level":"info","message":"{\"url\":\"http://bd8b346f.ngrok.io/search/resources/store/10851/categoryview/@top?catalogId=10052&langId=-1\",\"method\":\"GET\",\"json\":{},\"headers\":{\"Content-Type\":\"application/json\"}}","timestamp":"2018-01-29T09:14:11.272Z"}
{"level":"info","message":"getSubCategoriesUrl: http://bd8b346f.ngrok.io/search/resources/store/10851/categoryview/byParentCategory/10001","timestamp":"2018-01-29T09:14:12.085Z"}
{"level":"info","message":"{\"url\":\"http://bd8b346f.ngrok.io/search/resources/store/10851/categoryview/byParentCategory/10001\",\"method\":\"GET\",\"json\":{},\"headers\":{\"Content-Type\":\"application/json\"}}","timestamp":"2018-01-29T09:14:12.085Z"}
{"level":"info","message":"getTopCategoriesUrl: http://bd8b346f.ngrok.io/search/resources/store/10851/categoryview/@top?catalogId=10052&langId=-1","timestamp":"2018-01-29T09:14:53.932Z"}
{"level":"info","message":"{\"url\":\"http://bd8b346f.ngrok.io/search/resources/store/10851/categoryview/@top?catalogId=10052&langId=-1\",\"method\":\"GET\",\"json\":{},\"headers\":{\"Content-Type\":\"application/json\"}}","timestamp":"2018-01-29T09:14:53.932Z"}
{"level":"info","message":"getSubCategoriesUrl: http://bd8b346f.ngrok.io/search/resources/store/10851/categoryview/byParentCategory/10001","timestamp":"2018-01-29T09:14:54.948Z"}
{"level":"info","message":"{\"url\":\"http://bd8b346f.ngrok.io/search/resources/store/10851/categoryview/byParentCategory/10001\",\"method\":\"GET\",\"json\":{},\"headers\":{\"Content-Type\":\"application/json\"}}","timestamp":"2018-01-29T09:14:54.948Z"}
{"level":"info","message":"getTopCategoriesUrl: http://bd8b346f.ngrok.io/search/resources/store/10851/categoryview/@top?catalogId=10052&langId=-1","timestamp":"2018-01-29T09:15:53.123Z"}
{"level":"info","message":"{\"url\":\"http://bd8b346f.ngrok.io/search/resources/store/10851/categoryview/@top?catalogId=10052&langId=-1\",\"method\":\"GET\",\"json\":{},\"headers\":{\"Content-Type\":\"application/json\"}}","timestamp":"2018-01-29T09:15:53.123Z"}
{"level":"info","message":"getSubCategoriesUrl: http://bd8b346f.ngrok.io/search/resources/store/10851/categoryview/byParentCategory/10001","timestamp":"2018-01-29T09:15:54.168Z"}
{"level":"info","message":"{\"url\":\"http://bd8b346f.ngrok.io/search/resources/store/10851/categoryview/byParentCategory/10001\",\"method\":\"GET\",\"json\":{},\"headers\":{\"Content-Type\":\"application/json\"}}","timestamp":"2018-01-29T09:15:54.169Z"}
{"level":"info","message":"Login url = https://bd8b346f.ngrok.io/wcs/resources/store/10851/loginidentity","timestamp":"2018-01-29T09:16:00.025Z"}
{"level":"info","message":"messageData = bhuvana1@gmail.com|123qwe","timestamp":"2018-01-29T09:16:00.025Z"}
{"level":"info","message":"getTopCategoriesUrl: http://bd8b346f.ngrok.io/search/resources/store/10851/categoryview/@top?catalogId=10052&langId=-1","timestamp":"2018-01-29T09:16:01.816Z"}
{"level":"info","message":"{\"url\":\"http://bd8b346f.ngrok.io/search/resources/store/10851/categoryview/@top?catalogId=10052&langId=-1\",\"method\":\"GET\",\"json\":{},\"headers\":{\"Content-Type\":\"application/json\"}}","timestamp":"2018-01-29T09:16:01.816Z"}
{"level":"info","message":"getSubCategoriesUrl: http://bd8b346f.ngrok.io/search/resources/store/10851/categoryview/byParentCategory/10001","timestamp":"2018-01-29T09:16:02.738Z"}
{"level":"info","message":"{\"url\":\"http://bd8b346f.ngrok.io/search/resources/store/10851/categoryview/byParentCategory/10001\",\"method\":\"GET\",\"json\":{},\"headers\":{\"Content-Type\":\"application/json\"}}","timestamp":"2018-01-29T09:16:02.738Z"}
{"level":"info","message":"getTopCategoriesUrl: http://bd8b346f.ngrok.io/search/resources/store/10851/categoryview/@top?catalogId=10052&langId=-1","timestamp":"2018-01-29T09:16:14.360Z"}
{"level":"info","message":"{\"url\":\"http://bd8b346f.ngrok.io/search/resources/store/10851/categoryview/@top?catalogId=10052&langId=-1\",\"method\":\"GET\",\"json\":{},\"headers\":{\"Content-Type\":\"application/json\"}}","timestamp":"2018-01-29T09:16:14.360Z"}
{"level":"info","message":"getSubCategoriesUrl: http://bd8b346f.ngrok.io/search/resources/store/10851/categoryview/byParentCategory/10005","timestamp":"2018-01-29T09:16:14.380Z"}
{"level":"info","message":"{\"url\":\"http://bd8b346f.ngrok.io/search/resources/store/10851/categoryview/byParentCategory/10005\",\"method\":\"GET\",\"json\":{},\"headers\":{\"Content-Type\":\"application/json\"}}","timestamp":"2018-01-29T09:16:14.381Z"}
{"level":"info","message":"getSubCategoriesUrl: http://bd8b346f.ngrok.io/search/resources/store/10851/categoryview/byParentCategory/10001","timestamp":"2018-01-29T09:16:15.369Z"}
{"level":"info","message":"{\"url\":\"http://bd8b346f.ngrok.io/search/resources/store/10851/categoryview/byParentCategory/10001\",\"method\":\"GET\",\"json\":{},\"headers\":{\"Content-Type\":\"application/json\"}}","timestamp":"2018-01-29T09:16:15.369Z"}
{"level":"info","message":"getTopCategoriesUrl: http://bd8b346f.ngrok.io/search/resources/store/10851/categoryview/@top?catalogId=10052&langId=-1","timestamp":"2018-01-29T09:22:37.120Z"}
{"level":"info","message":"{\"url\":\"http://bd8b346f.ngrok.io/search/resources/store/10851/categoryview/@top?catalogId=10052&langId=-1\",\"method\":\"GET\",\"json\":{},\"headers\":{\"Content-Type\":\"application/json\"}}","timestamp":"2018-01-29T09:22:37.120Z"}
{"level":"info","message":"getSubCategoriesUrl: http://bd8b346f.ngrok.io/search/resources/store/10851/categoryview/byParentCategory/10005","timestamp":"2018-01-29T09:22:37.123Z"}
{"level":"info","message":"{\"url\":\"http://bd8b346f.ngrok.io/search/resources/store/10851/categoryview/byParentCategory/10005\",\"method\":\"GET\",\"json\":{},\"headers\":{\"Content-Type\":\"application/json\"}}","timestamp":"2018-01-29T09:22:37.125Z"}
{"level":"info","message":"getSubCategoriesUrl: http://bd8b346f.ngrok.io/search/resources/store/10851/categoryview/byParentCategory/10001","timestamp":"2018-01-29T09:22:38.201Z"}
{"level":"info","message":"{\"url\":\"http://bd8b346f.ngrok.io/search/resources/store/10851/categoryview/byParentCategory/10001\",\"method\":\"GET\",\"json\":{},\"headers\":{\"Content-Type\":\"application/json\"}}","timestamp":"2018-01-29T09:22:38.202Z"}
{"level":"info","message":"getTopCategoriesUrl: http://bd8b346f.ngrok.io/search/resources/store/10851/categoryview/@top?catalogId=10052&langId=-1","timestamp":"2018-01-29T09:27:17.234Z"}
{"level":"info","message":"{\"url\":\"http://bd8b346f.ngrok.io/search/resources/store/10851/categoryview/@top?catalogId=10052&langId=-1\",\"method\":\"GET\",\"json\":{},\"headers\":{\"Content-Type\":\"application/json\"}}","timestamp":"2018-01-29T09:27:17.234Z"}
{"level":"info","message":"getTopCategoriesUrl: http://bd8b346f.ngrok.io/search/resources/store/10851/categoryview/@top?catalogId=10052&langId=-1","timestamp":"2018-01-29T09:27:18.436Z"}
{"level":"info","message":"{\"url\":\"http://bd8b346f.ngrok.io/search/resources/store/10851/categoryview/@top?catalogId=10052&langId=-1\",\"method\":\"GET\",\"json\":{},\"headers\":{\"Content-Type\":\"application/json\"}}","timestamp":"2018-01-29T09:27:18.437Z"}
{"level":"info","message":"getSubCategoriesUrl: http://bd8b346f.ngrok.io/search/resources/store/10851/categoryview/byParentCategory/10001","timestamp":"2018-01-29T09:27:18.451Z"}
{"level":"info","message":"{\"url\":\"http://bd8b346f.ngrok.io/search/resources/store/10851/categoryview/byParentCategory/10001\",\"method\":\"GET\",\"json\":{},\"headers\":{\"Content-Type\":\"application/json\"}}","timestamp":"2018-01-29T09:27:18.451Z"}
{"level":"info","message":"getSubCategoriesUrl: http://bd8b346f.ngrok.io/search/resources/store/10851/categoryview/byParentCategory/10001","timestamp":"2018-01-29T09:27:19.299Z"}
{"level":"info","message":"{\"url\":\"http://bd8b346f.ngrok.io/search/resources/store/10851/categoryview/byParentCategory/10001\",\"method\":\"GET\",\"json\":{},\"headers\":{\"Content-Type\":\"application/json\"}}","timestamp":"2018-01-29T09:27:19.300Z"}
{"level":"info","message":"Login url = https://bd8b346f.ngrok.io/wcs/resources/store/10851/loginidentity","timestamp":"2018-01-29T09:27:27.952Z"}
{"level":"info","message":"messageData = bhuvana1@gmail.com|123qwe","timestamp":"2018-01-29T09:27:27.953Z"}
{"level":"info","message":"getTopCategoriesUrl: http://bd8b346f.ngrok.io/search/resources/store/10851/categoryview/@top?catalogId=10052&langId=-1","timestamp":"2018-01-29T09:27:29.439Z"}
{"level":"info","message":"{\"url\":\"http://bd8b346f.ngrok.io/search/resources/store/10851/categoryview/@top?catalogId=10052&langId=-1\",\"method\":\"GET\",\"json\":{},\"headers\":{\"Content-Type\":\"application/json\"}}","timestamp":"2018-01-29T09:27:29.439Z"}
{"level":"info","message":"getSubCategoriesUrl: http://bd8b346f.ngrok.io/search/resources/store/10851/categoryview/byParentCategory/10001","timestamp":"2018-01-29T09:27:30.357Z"}
{"level":"info","message":"{\"url\":\"http://bd8b346f.ngrok.io/search/resources/store/10851/categoryview/byParentCategory/10001\",\"method\":\"GET\",\"json\":{},\"headers\":{\"Content-Type\":\"application/json\"}}","timestamp":"2018-01-29T09:27:30.357Z"}
{"level":"info","message":"getTopCategoriesUrl: http://bd8b346f.ngrok.io/search/resources/store/10851/categoryview/@top?catalogId=10052&langId=-1","timestamp":"2018-01-29T09:28:39.178Z"}
{"level":"info","message":"{\"url\":\"http://bd8b346f.ngrok.io/search/resources/store/10851/categoryview/@top?catalogId=10052&langId=-1\",\"method\":\"GET\",\"json\":{},\"headers\":{\"Content-Type\":\"application/json\"}}","timestamp":"2018-01-29T09:28:39.179Z"}
{"level":"info","message":"getTopCategoriesUrl: http://bd8b346f.ngrok.io/search/resources/store/10851/categoryview/@top?catalogId=10052&langId=-1","timestamp":"2018-01-29T09:28:40.428Z"}
{"level":"info","message":"{\"url\":\"http://bd8b346f.ngrok.io/search/resources/store/10851/categoryview/@top?catalogId=10052&langId=-1\",\"method\":\"GET\",\"json\":{},\"headers\":{\"Content-Type\":\"application/json\"}}","timestamp":"2018-01-29T09:28:40.428Z"}
{"level":"info","message":"getSubCategoriesUrl: http://bd8b346f.ngrok.io/search/resources/store/10851/categoryview/byParentCategory/10001","timestamp":"2018-01-29T09:28:40.442Z"}
{"level":"info","message":"{\"url\":\"http://bd8b346f.ngrok.io/search/resources/store/10851/categoryview/byParentCategory/10001\",\"method\":\"GET\",\"json\":{},\"headers\":{\"Content-Type\":\"application/json\"}}","timestamp":"2018-01-29T09:28:40.442Z"}
{"level":"info","message":"getSubCategoriesUrl: http://bd8b346f.ngrok.io/search/resources/store/10851/categoryview/byParentCategory/10001","timestamp":"2018-01-29T09:28:41.290Z"}
{"level":"info","message":"{\"url\":\"http://bd8b346f.ngrok.io/search/resources/store/10851/categoryview/byParentCategory/10001\",\"method\":\"GET\",\"json\":{},\"headers\":{\"Content-Type\":\"application/json\"}}","timestamp":"2018-01-29T09:28:41.290Z"}
{"level":"info","message":"Login url = https://bd8b346f.ngrok.io/wcs/resources/store/10851/loginidentity","timestamp":"2018-01-29T09:28:46.914Z"}
{"level":"info","message":"messageData = bhuvana1@gmail.com|123qwe","timestamp":"2018-01-29T09:28:46.915Z"}
{"level":"info","message":"getTopCategoriesUrl: http://bd8b346f.ngrok.io/search/resources/store/10851/categoryview/@top?catalogId=10052&langId=-1","timestamp":"2018-01-29T09:28:48.614Z"}
{"level":"info","message":"{\"url\":\"http://bd8b346f.ngrok.io/search/resources/store/10851/categoryview/@top?catalogId=10052&langId=-1\",\"method\":\"GET\",\"json\":{},\"headers\":{\"Content-Type\":\"application/json\"}}","timestamp":"2018-01-29T09:28:48.614Z"}
{"level":"info","message":"getSubCategoriesUrl: http://bd8b346f.ngrok.io/search/resources/store/10851/categoryview/byParentCategory/10001","timestamp":"2018-01-29T09:28:49.632Z"}
{"level":"info","message":"{\"url\":\"http://bd8b346f.ngrok.io/search/resources/store/10851/categoryview/byParentCategory/10001\",\"method\":\"GET\",\"json\":{},\"headers\":{\"Content-Type\":\"application/json\"}}","timestamp":"2018-01-29T09:28:49.632Z"}
{"level":"info","message":"getTopCategoriesUrl: http://bd8b346f.ngrok.io/search/resources/store/10851/categoryview/@top?catalogId=10052&langId=-1","timestamp":"2018-01-29T09:29:43.200Z"}
{"level":"info","message":"{\"url\":\"http://bd8b346f.ngrok.io/search/resources/store/10851/categoryview/@top?catalogId=10052&langId=-1\",\"method\":\"GET\",\"json\":{},\"headers\":{\"Content-Type\":\"application/json\"}}","timestamp":"2018-01-29T09:29:43.201Z"}
{"level":"info","message":"getTopCategoriesUrl: http://bd8b346f.ngrok.io/search/resources/store/10851/categoryview/@top?catalogId=10052&langId=-1","timestamp":"2018-01-29T09:29:44.246Z"}
{"level":"info","message":"{\"url\":\"http://bd8b346f.ngrok.io/search/resources/store/10851/categoryview/@top?catalogId=10052&langId=-1\",\"method\":\"GET\",\"json\":{},\"headers\":{\"Content-Type\":\"application/json\"}}","timestamp":"2018-01-29T09:29:44.246Z"}
{"level":"info","message":"getSubCategoriesUrl: http://bd8b346f.ngrok.io/search/resources/store/10851/categoryview/byParentCategory/10001","timestamp":"2018-01-29T09:29:44.260Z"}
{"level":"info","message":"{\"url\":\"http://bd8b346f.ngrok.io/search/resources/store/10851/categoryview/byParentCategory/10001\",\"method\":\"GET\",\"json\":{},\"headers\":{\"Content-Type\":\"application/json\"}}","timestamp":"2018-01-29T09:29:44.260Z"}
{"level":"info","message":"getSubCategoriesUrl: http://bd8b346f.ngrok.io/search/resources/store/10851/categoryview/byParentCategory/10001","timestamp":"2018-01-29T09:29:45.097Z"}
{"level":"info","message":"{\"url\":\"http://bd8b346f.ngrok.io/search/resources/store/10851/categoryview/byParentCategory/10001\",\"method\":\"GET\",\"json\":{},\"headers\":{\"Content-Type\":\"application/json\"}}","timestamp":"2018-01-29T09:29:45.097Z"}
{"level":"info","message":"Login url = https://bd8b346f.ngrok.io/wcs/resources/store/10851/loginidentity","timestamp":"2018-01-29T09:29:48.640Z"}
{"level":"info","message":"messageData = bhuvana1@gmail.com|123qwe","timestamp":"2018-01-29T09:29:48.640Z"}
{"level":"info","message":"getTopCategoriesUrl: http://bd8b346f.ngrok.io/search/resources/store/10851/categoryview/@top?catalogId=10052&langId=-1","timestamp":"2018-01-29T09:29:50.135Z"}
{"level":"info","message":"{\"url\":\"http://bd8b346f.ngrok.io/search/resources/store/10851/categoryview/@top?catalogId=10052&langId=-1\",\"method\":\"GET\",\"json\":{},\"headers\":{\"Content-Type\":\"application/json\"}}","timestamp":"2018-01-29T09:29:50.136Z"}
{"level":"info","message":"getSubCategoriesUrl: http://bd8b346f.ngrok.io/search/resources/store/10851/categoryview/byParentCategory/10001","timestamp":"2018-01-29T09:29:51.084Z"}
{"level":"info","message":"{\"url\":\"http://bd8b346f.ngrok.io/search/resources/store/10851/categoryview/byParentCategory/10001\",\"method\":\"GET\",\"json\":{},\"headers\":{\"Content-Type\":\"application/json\"}}","timestamp":"2018-01-29T09:29:51.084Z"}
{"level":"info","message":"getTopCategoriesUrl: http://bd8b346f.ngrok.io/search/resources/store/10851/categoryview/@top?catalogId=10052&langId=-1","timestamp":"2018-01-29T09:32:33.426Z"}
{"level":"info","message":"{\"url\":\"http://bd8b346f.ngrok.io/search/resources/store/10851/categoryview/@top?catalogId=10052&langId=-1\",\"method\":\"GET\",\"json\":{},\"headers\":{\"Content-Type\":\"application/json\"}}","timestamp":"2018-01-29T09:32:33.426Z"}
{"level":"info","message":"getTopCategoriesUrl: http://bd8b346f.ngrok.io/search/resources/store/10851/categoryview/@top?catalogId=10052&langId=-1","timestamp":"2018-01-29T09:32:34.271Z"}
{"level":"info","message":"{\"url\":\"http://bd8b346f.ngrok.io/search/resources/store/10851/categoryview/@top?catalogId=10052&langId=-1\",\"method\":\"GET\",\"json\":{},\"headers\":{\"Content-Type\":\"application/json\"}}","timestamp":"2018-01-29T09:32:34.271Z"}
{"level":"info","message":"getSubCategoriesUrl: http://bd8b346f.ngrok.io/search/resources/store/10851/categoryview/byParentCategory/10001","timestamp":"2018-01-29T09:32:34.287Z"}
{"level":"info","message":"{\"url\":\"http://bd8b346f.ngrok.io/search/resources/store/10851/categoryview/byParentCategory/10001\",\"method\":\"GET\",\"json\":{},\"headers\":{\"Content-Type\":\"application/json\"}}","timestamp":"2018-01-29T09:32:34.287Z"}
{"level":"info","message":"getSubCategoriesUrl: http://bd8b346f.ngrok.io/search/resources/store/10851/categoryview/byParentCategory/10001","timestamp":"2018-01-29T09:32:35.148Z"}
{"level":"info","message":"{\"url\":\"http://bd8b346f.ngrok.io/search/resources/store/10851/categoryview/byParentCategory/10001\",\"method\":\"GET\",\"json\":{},\"headers\":{\"Content-Type\":\"application/json\"}}","timestamp":"2018-01-29T09:32:35.149Z"}
{"level":"info","message":"Login url = https://bd8b346f.ngrok.io/wcs/resources/store/10851/loginidentity","timestamp":"2018-01-29T09:32:40.467Z"}
{"level":"info","message":"messageData = bhuvana1@gmail.com|123qwe","timestamp":"2018-01-29T09:32:40.467Z"}
{"level":"info","message":"getTopCategoriesUrl: http://bd8b346f.ngrok.io/search/resources/store/10851/categoryview/@top?catalogId=10052&langId=-1","timestamp":"2018-01-29T09:32:42.361Z"}
{"level":"info","message":"{\"url\":\"http://bd8b346f.ngrok.io/search/resources/store/10851/categoryview/@top?catalogId=10052&langId=-1\",\"method\":\"GET\",\"json\":{},\"headers\":{\"Content-Type\":\"application/json\"}}","timestamp":"2018-01-29T09:32:42.361Z"}
{"level":"info","message":"getSubCategoriesUrl: http://bd8b346f.ngrok.io/search/resources/store/10851/categoryview/byParentCategory/10001","timestamp":"2018-01-29T09:32:43.287Z"}
{"level":"info","message":"{\"url\":\"http://bd8b346f.ngrok.io/search/resources/store/10851/categoryview/byParentCategory/10001\",\"method\":\"GET\",\"json\":{},\"headers\":{\"Content-Type\":\"application/json\"}}","timestamp":"2018-01-29T09:32:43.288Z"}
